<?xml version="1.0" encoding="UTF-8"?>
<testsuite name="CardTest" tests="1" skipped="0" failures="0" errors="0" timestamp="2016-04-21T10:05:46" hostname="audun.finn.no" time="0.002">
  <properties/>
  <testcase name="testCardValue" classname="CardTest" time="0.002"/>
  <system-out><![CDATA[]]></system-out>
  <system-err><![CDATA[]]></system-err>
</testsuite>
